  moc Widget.h
  Widget.cpp
  main.cpp
C:\Users\MACHENIKE\source\repos\visualwife\visualwife\main.cpp(1,1): warning C4828: 文件包含在偏移 0x59 处开始的字符，该字符在当前源字符集中无效(代码页 65001)。
C:\Users\MACHENIKE\source\repos\visualwife\visualwife\Widget.cpp(1,1): warning C4828: 文件包含在偏移 0x2 处开始的字符，该字符在当前源字符集中无效(代码页 65001)。
C:\Users\MACHENIKE\source\repos\visualwife\visualwife\main.cpp(1,1): warning C4828: 文件包含在偏移 0x5a 处开始的字符，该字符在当前源字符集中无效(代码页 65001)。
C:\Users\MACHENIKE\source\repos\visualwife\visualwife\main.cpp(1,1): warning C4828: 文件包含在偏移 0x5b 处开始的字符，该字符在当前源字符集中无效(代码页 65001)。
C:\Users\MACHENIKE\source\repos\visualwife\visualwife\Widget.cpp(1,1): warning C4828: 文件包含在偏移 0x3 处开始的字符，该字符在当前源字符集中无效(代码页 65001)。
C:\Users\MACHENIKE\source\repos\visualwife\visualwife\main.cpp(1,1): warning C4828: 文件包含在偏移 0x5c 处开始的字符，该字符在当前源字符集中无效(代码页 65001)。
C:\Users\MACHENIKE\source\repos\visualwife\visualwife\Widget.cpp(1,1): warning C4828: 文件包含在偏移 0x4 处开始的字符，该字符在当前源字符集中无效(代码页 65001)。
C:\Users\MACHENIKE\source\repos\visualwife\visualwife\main.cpp(1,1): warning C4828: 文件包含在偏移 0x5f 处开始的字符，该字符在当前源字符集中无效(代码页 65001)。
C:\Users\MACHENIKE\source\repos\visualwife\visualwife\Widget.cpp(1,1): warning C4828: 文件包含在偏移 0x5 处开始的字符，该字符在当前源字符集中无效(代码页 65001)。
C:\Users\MACHENIKE\source\repos\visualwife\visualwife\main.cpp(1,1): warning C4828: 文件包含在偏移 0x60 处开始的字符，该字符在当前源字符集中无效(代码页 65001)。
C:\Users\MACHENIKE\source\repos\visualwife\visualwife\Widget.cpp(1,1): warning C4828: 文件包含在偏移 0x8 处开始的字符，该字符在当前源字符集中无效(代码页 65001)。
C:\Users\MACHENIKE\source\repos\visualwife\visualwife\main.cpp(1,1): warning C4828: 文件包含在偏移 0x64 处开始的字符，该字符在当前源字符集中无效(代码页 65001)。
C:\Users\MACHENIKE\source\repos\visualwife\visualwife\Widget.cpp(1,1): warning C4828: 文件包含在偏移 0x9 处开始的字符，该字符在当前源字符集中无效(代码页 65001)。
C:\Users\MACHENIKE\source\repos\visualwife\visualwife\main.cpp(1,1): warning C4828: 文件包含在偏移 0xb1 处开始的字符，该字符在当前源字符集中无效(代码页 65001)。
C:\Users\MACHENIKE\source\repos\visualwife\visualwife\Widget.cpp(1,1): warning C4828: 文件包含在偏移 0x10 处开始的字符，该字符在当前源字符集中无效(代码页 65001)。
C:\Users\MACHENIKE\source\repos\visualwife\visualwife\main.cpp(1,1): warning C4828: 文件包含在偏移 0xb3 处开始的字符，该字符在当前源字符集中无效(代码页 65001)。
C:\Users\MACHENIKE\source\repos\visualwife\visualwife\Widget.cpp(1,1): warning C4828: 文件包含在偏移 0x1a 处开始的字符，该字符在当前源字符集中无效(代码页 65001)。
C:\Users\MACHENIKE\source\repos\visualwife\visualwife\main.cpp(1,1): warning C4828: 文件包含在偏移 0xb4 处开始的字符，该字符在当前源字符集中无效(代码页 65001)。
C:\Users\MACHENIKE\source\repos\visualwife\visualwife\Widget.cpp(1,1): warning C4828: 文件包含在偏移 0x1b 处开始的字符，该字符在当前源字符集中无效(代码页 65001)。
C:\Users\MACHENIKE\source\repos\visualwife\visualwife\main.cpp(1,1): warning C4828: 文件包含在偏移 0xb5 处开始的字符，该字符在当前源字符集中无效(代码页 65001)。
C:\Users\MACHENIKE\source\repos\visualwife\visualwife\Widget.cpp(1,1): warning C4828: 文件包含在偏移 0x1c 处开始的字符，该字符在当前源字符集中无效(代码页 65001)。
C:\Users\MACHENIKE\source\repos\visualwife\visualwife\main.cpp(1,1): warning C4828: 文件包含在偏移 0xb9 处开始的字符，该字符在当前源字符集中无效(代码页 65001)。
C:\Users\MACHENIKE\source\repos\visualwife\visualwife\main.cpp(1,1): warning C4828: 文件包含在偏移 0xba 处开始的字符，该字符在当前源字符集中无效(代码页 65001)。
C:\Users\MACHENIKE\source\repos\visualwife\visualwife\Widget.cpp(1,1): warning C4828: 文件包含在偏移 0x1d 处开始的字符，该字符在当前源字符集中无效(代码页 65001)。
C:\Users\MACHENIKE\source\repos\visualwife\visualwife\Widget.cpp(1,1): warning C4828: 文件包含在偏移 0x135 处开始的字符，该字符在当前源字符集中无效(代码页 65001)。
C:\Users\MACHENIKE\source\repos\visualwife\visualwife\main.cpp(1,1): warning C4828: 文件包含在偏移 0xbb 处开始的字符，该字符在当前源字符集中无效(代码页 65001)。
C:\Users\MACHENIKE\source\repos\visualwife\visualwife\Widget.cpp(1,1): warning C4828: 文件包含在偏移 0x136 处开始的字符，该字符在当前源字符集中无效(代码页 65001)。
C:\Users\MACHENIKE\source\repos\visualwife\visualwife\Widget.cpp(1,1): warning C4828: 文件包含在偏移 0x137 处开始的字符，该字符在当前源字符集中无效(代码页 65001)。
C:\Users\MACHENIKE\source\repos\visualwife\visualwife\Widget.cpp(1,1): warning C4828: 文件包含在偏移 0x138 处开始的字符，该字符在当前源字符集中无效(代码页 65001)。
C:\Users\MACHENIKE\source\repos\visualwife\visualwife\main.cpp(1,1): warning C4828: 文件包含在偏移 0xbc 处开始的字符，该字符在当前源字符集中无效(代码页 65001)。
C:\Users\MACHENIKE\source\repos\visualwife\visualwife\Widget.cpp(1,1): warning C4828: 文件包含在偏移 0x13d 处开始的字符，该字符在当前源字符集中无效(代码页 65001)。
C:\Users\MACHENIKE\source\repos\visualwife\visualwife\main.cpp(1,1): warning C4828: 文件包含在偏移 0xbd 处开始的字符，该字符在当前源字符集中无效(代码页 65001)。
C:\Users\MACHENIKE\source\repos\visualwife\visualwife\Widget.cpp(1,1): warning C4828: 文件包含在偏移 0x13e 处开始的字符，该字符在当前源字符集中无效(代码页 65001)。
C:\Users\MACHENIKE\source\repos\visualwife\visualwife\Widget.cpp(1,1): warning C4828: 文件包含在偏移 0x142 处开始的字符，该字符在当前源字符集中无效(代码页 65001)。
C:\Users\MACHENIKE\source\repos\visualwife\visualwife\main.cpp(1,1): warning C4828: 文件包含在偏移 0xbe 处开始的字符，该字符在当前源字符集中无效(代码页 65001)。
C:\Users\MACHENIKE\source\repos\visualwife\visualwife\main.cpp(1,1): warning C4828: 文件包含在偏移 0xc1 处开始的字符，该字符在当前源字符集中无效(代码页 65001)。
C:\Users\MACHENIKE\source\repos\visualwife\visualwife\Widget.cpp(1,1): warning C4828: 文件包含在偏移 0x150 处开始的字符，该字符在当前源字符集中无效(代码页 65001)。
C:\Users\MACHENIKE\source\repos\visualwife\visualwife\main.cpp(1,1): warning C4828: 文件包含在偏移 0xc2 处开始的字符，该字符在当前源字符集中无效(代码页 65001)。
C:\Users\MACHENIKE\source\repos\visualwife\visualwife\Widget.cpp(1,1): warning C4828: 文件包含在偏移 0x151 处开始的字符，该字符在当前源字符集中无效(代码页 65001)。
C:\Users\MACHENIKE\source\repos\visualwife\visualwife\main.cpp(1,1): warning C4828: 文件包含在偏移 0xc3 处开始的字符，该字符在当前源字符集中无效(代码页 65001)。
C:\Users\MACHENIKE\source\repos\visualwife\visualwife\Widget.cpp(1,1): warning C4828: 文件包含在偏移 0x15f 处开始的字符，该字符在当前源字符集中无效(代码页 65001)。
C:\Users\MACHENIKE\source\repos\visualwife\visualwife\main.cpp(1,1): warning C4828: 文件包含在偏移 0xc5 处开始的字符，该字符在当前源字符集中无效(代码页 65001)。
C:\Users\MACHENIKE\source\repos\visualwife\visualwife\Widget.cpp(1,1): warning C4828: 文件包含在偏移 0x163 处开始的字符，该字符在当前源字符集中无效(代码页 65001)。
C:\Users\MACHENIKE\source\repos\visualwife\visualwife\main.cpp(1,1): warning C4828: 文件包含在偏移 0xc6 处开始的字符，该字符在当前源字符集中无效(代码页 65001)。
C:\Users\MACHENIKE\source\repos\visualwife\visualwife\Widget.cpp(1,1): warning C4828: 文件包含在偏移 0x164 处开始的字符，该字符在当前源字符集中无效(代码页 65001)。
C:\Users\MACHENIKE\source\repos\visualwife\visualwife\Widget.cpp(1,1): warning C4828: 文件包含在偏移 0x165 处开始的字符，该字符在当前源字符集中无效(代码页 65001)。
C:\Users\MACHENIKE\source\repos\visualwife\visualwife\Widget.cpp(1,1): warning C4828: 文件包含在偏移 0x168 处开始的字符，该字符在当前源字符集中无效(代码页 65001)。
C:\Users\MACHENIKE\source\repos\visualwife\visualwife\Widget.cpp(1,1): warning C4828: 文件包含在偏移 0x1a3 处开始的字符，该字符在当前源字符集中无效(代码页 65001)。
C:\Users\MACHENIKE\source\repos\visualwife\visualwife\Widget.cpp(1,1): warning C4828: 文件包含在偏移 0x1a5 处开始的字符，该字符在当前源字符集中无效(代码页 65001)。
C:\Users\MACHENIKE\source\repos\visualwife\visualwife\Widget.cpp(1,1): warning C4828: 文件包含在偏移 0x1a8 处开始的字符，该字符在当前源字符集中无效(代码页 65001)。
C:\Users\MACHENIKE\source\repos\visualwife\visualwife\Widget.cpp(1,1): warning C4828: 文件包含在偏移 0x1ac 处开始的字符，该字符在当前源字符集中无效(代码页 65001)。
C:\Users\MACHENIKE\source\repos\visualwife\visualwife\Widget.cpp(1,1): warning C4828: 文件包含在偏移 0x1ad 处开始的字符，该字符在当前源字符集中无效(代码页 65001)。
C:\Users\MACHENIKE\source\repos\visualwife\visualwife\Widget.cpp(1,1): warning C4828: 文件包含在偏移 0x1df 处开始的字符，该字符在当前源字符集中无效(代码页 65001)。
C:\Users\MACHENIKE\source\repos\visualwife\visualwife\Widget.cpp(1,1): warning C4828: 文件包含在偏移 0x1e1 处开始的字符，该字符在当前源字符集中无效(代码页 65001)。
C:\Users\MACHENIKE\source\repos\visualwife\visualwife\Widget.cpp(1,1): warning C4828: 文件包含在偏移 0x1e2 处开始的字符，该字符在当前源字符集中无效(代码页 65001)。
C:\Users\MACHENIKE\source\repos\visualwife\visualwife\Widget.cpp(1,1): warning C4828: 文件包含在偏移 0x1e3 处开始的字符，该字符在当前源字符集中无效(代码页 65001)。
C:\Users\MACHENIKE\source\repos\visualwife\visualwife\Widget.cpp(1,1): warning C4828: 文件包含在偏移 0x1e4 处开始的字符，该字符在当前源字符集中无效(代码页 65001)。
C:\Users\MACHENIKE\source\repos\visualwife\visualwife\Widget.cpp(1,1): warning C4828: 文件包含在偏移 0x1e7 处开始的字符，该字符在当前源字符集中无效(代码页 65001)。
C:\Users\MACHENIKE\source\repos\visualwife\visualwife\Widget.cpp(1,1): warning C4828: 文件包含在偏移 0x1f9 处开始的字符，该字符在当前源字符集中无效(代码页 65001)。
C:\Users\MACHENIKE\source\repos\visualwife\visualwife\Widget.cpp(1,1): warning C4828: 文件包含在偏移 0x1fb 处开始的字符，该字符在当前源字符集中无效(代码页 65001)。
C:\Users\MACHENIKE\source\repos\visualwife\visualwife\Widget.cpp(1,1): warning C4828: 文件包含在偏移 0x1fc 处开始的字符，该字符在当前源字符集中无效(代码页 65001)。
C:\Users\MACHENIKE\source\repos\visualwife\visualwife\Widget.cpp(1,1): warning C4828: 文件包含在偏移 0x1ff 处开始的字符，该字符在当前源字符集中无效(代码页 65001)。
C:\Users\MACHENIKE\source\repos\visualwife\visualwife\Widget.cpp(1,1): warning C4828: 文件包含在偏移 0x201 处开始的字符，该字符在当前源字符集中无效(代码页 65001)。
C:\Users\MACHENIKE\source\repos\visualwife\visualwife\Widget.cpp(1,1): warning C4828: 文件包含在偏移 0x202 处开始的字符，该字符在当前源字符集中无效(代码页 65001)。
C:\Users\MACHENIKE\source\repos\visualwife\visualwife\Widget.cpp(1,1): warning C4828: 文件包含在偏移 0x203 处开始的字符，该字符在当前源字符集中无效(代码页 65001)。
C:\Users\MACHENIKE\source\repos\visualwife\visualwife\Widget.cpp(1,1): warning C4828: 文件包含在偏移 0x205 处开始的字符，该字符在当前源字符集中无效(代码页 65001)。
C:\Users\MACHENIKE\source\repos\visualwife\visualwife\Widget.cpp(1,1): warning C4828: 文件包含在偏移 0x206 处开始的字符，该字符在当前源字符集中无效(代码页 65001)。
C:\Users\MACHENIKE\source\repos\visualwife\visualwife\Widget.cpp(1,1): warning C4828: 文件包含在偏移 0x207 处开始的字符，该字符在当前源字符集中无效(代码页 65001)。
C:\Users\MACHENIKE\source\repos\visualwife\visualwife\Widget.cpp(1,1): warning C4828: 文件包含在偏移 0x208 处开始的字符，该字符在当前源字符集中无效(代码页 65001)。
C:\Users\MACHENIKE\source\repos\visualwife\visualwife\Widget.cpp(1,1): warning C4828: 文件包含在偏移 0x292 处开始的字符，该字符在当前源字符集中无效(代码页 65001)。
C:\Users\MACHENIKE\source\repos\visualwife\visualwife\Widget.cpp(1,1): warning C4828: 文件包含在偏移 0x294 处开始的字符，该字符在当前源字符集中无效(代码页 65001)。
C:\Users\MACHENIKE\source\repos\visualwife\visualwife\Widget.cpp(1,1): warning C4828: 文件包含在偏移 0x295 处开始的字符，该字符在当前源字符集中无效(代码页 65001)。
C:\Users\MACHENIKE\source\repos\visualwife\visualwife\Widget.cpp(1,1): warning C4828: 文件包含在偏移 0x296 处开始的字符，该字符在当前源字符集中无效(代码页 65001)。
C:\Users\MACHENIKE\source\repos\visualwife\visualwife\Widget.cpp(1,1): warning C4828: 文件包含在偏移 0x297 处开始的字符，该字符在当前源字符集中无效(代码页 65001)。
C:\Users\MACHENIKE\source\repos\visualwife\visualwife\Widget.cpp(1,1): warning C4828: 文件包含在偏移 0x29a 处开始的字符，该字符在当前源字符集中无效(代码页 65001)。
C:\Users\MACHENIKE\source\repos\visualwife\visualwife\Widget.cpp(1,1): warning C4828: 文件包含在偏移 0x29c 处开始的字符，该字符在当前源字符集中无效(代码页 65001)。
C:\Users\MACHENIKE\source\repos\visualwife\visualwife\Widget.cpp(1,1): warning C4828: 文件包含在偏移 0x29d 处开始的字符，该字符在当前源字符集中无效(代码页 65001)。
C:\Users\MACHENIKE\source\repos\visualwife\visualwife\Widget.cpp(1,1): warning C4828: 文件包含在偏移 0x2a0 处开始的字符，该字符在当前源字符集中无效(代码页 65001)。
C:\Users\MACHENIKE\source\repos\visualwife\visualwife\Widget.cpp(1,1): warning C4828: 文件包含在偏移 0x2a1 处开始的字符，该字符在当前源字符集中无效(代码页 65001)。
C:\Users\MACHENIKE\source\repos\visualwife\visualwife\Widget.cpp(1,1): warning C4828: 文件包含在偏移 0x2a4 处开始的字符，该字符在当前源字符集中无效(代码页 65001)。
C:\Users\MACHENIKE\source\repos\visualwife\visualwife\Widget.cpp(1,1): warning C4828: 文件包含在偏移 0x2a5 处开始的字符，该字符在当前源字符集中无效(代码页 65001)。
C:\Users\MACHENIKE\source\repos\visualwife\visualwife\Widget.cpp(1,1): warning C4828: 文件包含在偏移 0x2b4 处开始的字符，该字符在当前源字符集中无效(代码页 65001)。
C:\Users\MACHENIKE\source\repos\visualwife\visualwife\Widget.cpp(1,1): warning C4828: 文件包含在偏移 0x2b5 处开始的字符，该字符在当前源字符集中无效(代码页 65001)。
C:\Users\MACHENIKE\source\repos\visualwife\visualwife\Widget.cpp(1,1): warning C4828: 文件包含在偏移 0x2b6 处开始的字符，该字符在当前源字符集中无效(代码页 65001)。
C:\Users\MACHENIKE\source\repos\visualwife\visualwife\Widget.cpp(1,1): warning C4828: 文件包含在偏移 0x2b7 处开始的字符，该字符在当前源字符集中无效(代码页 65001)。
C:\Users\MACHENIKE\source\repos\visualwife\visualwife\Widget.cpp(1,1): warning C4828: 文件包含在偏移 0x2b8 处开始的字符，该字符在当前源字符集中无效(代码页 65001)。
C:\Users\MACHENIKE\source\repos\visualwife\visualwife\Widget.cpp(1,1): warning C4828: 文件包含在偏移 0x2b9 处开始的字符，该字符在当前源字符集中无效(代码页 65001)。
C:\Users\MACHENIKE\source\repos\visualwife\visualwife\Widget.cpp(1,1): warning C4828: 文件包含在偏移 0x2bb 处开始的字符，该字符在当前源字符集中无效(代码页 65001)。
C:\Users\MACHENIKE\source\repos\visualwife\visualwife\Widget.cpp(1,1): warning C4828: 文件包含在偏移 0x2be 处开始的字符，该字符在当前源字符集中无效(代码页 65001)。
C:\Users\MACHENIKE\source\repos\visualwife\visualwife\Widget.cpp(1,1): warning C4828: 文件包含在偏移 0x2c2 处开始的字符，该字符在当前源字符集中无效(代码页 65001)。
C:\Users\MACHENIKE\source\repos\visualwife\visualwife\Widget.cpp(1,1): warning C4828: 文件包含在偏移 0x2c3 处开始的字符，该字符在当前源字符集中无效(代码页 65001)。
C:\Users\MACHENIKE\source\repos\visualwife\visualwife\Widget.cpp(1,1): warning C4828: 文件包含在偏移 0x2c4 处开始的字符，该字符在当前源字符集中无效(代码页 65001)。
C:\Users\MACHENIKE\source\repos\visualwife\visualwife\Widget.cpp(1,1): warning C4828: 文件包含在偏移 0x2c6 处开始的字符，该字符在当前源字符集中无效(代码页 65001)。
C:\Users\MACHENIKE\source\repos\visualwife\visualwife\Widget.cpp(1,1): warning C4828: 文件包含在偏移 0x2c7 处开始的字符，该字符在当前源字符集中无效(代码页 65001)。
C:\Users\MACHENIKE\source\repos\visualwife\visualwife\Widget.cpp(1,1): warning C4828: 文件包含在偏移 0x2c9 处开始的字符，该字符在当前源字符集中无效(代码页 65001)。
C:\Users\MACHENIKE\source\repos\visualwife\visualwife\Widget.cpp(1,1): warning C4828: 文件包含在偏移 0x2ca 处开始的字符，该字符在当前源字符集中无效(代码页 65001)。
C:\Users\MACHENIKE\source\repos\visualwife\visualwife\Widget.cpp(1,1): warning C4828: 文件包含在偏移 0x2cc 处开始的字符，该字符在当前源字符集中无效(代码页 65001)。
C:\Users\MACHENIKE\source\repos\visualwife\visualwife\Widget.cpp(1,1): warning C4828: 文件包含在偏移 0x2cd 处开始的字符，该字符在当前源字符集中无效(代码页 65001)。
C:\Users\MACHENIKE\source\repos\visualwife\visualwife\Widget.cpp(1,1): warning C4828: 文件包含在偏移 0x34b 处开始的字符，该字符在当前源字符集中无效(代码页 65001)。
C:\Users\MACHENIKE\source\repos\visualwife\visualwife\Widget.cpp(1,1): warning C4828: 文件包含在偏移 0x34d 处开始的字符，该字符在当前源字符集中无效(代码页 65001)。
C:\Users\MACHENIKE\source\repos\visualwife\visualwife\Widget.cpp(1,1): warning C4828: 文件包含在偏移 0x34f 处开始的字符，该字符在当前源字符集中无效(代码页 65001)。
C:\Users\MACHENIKE\source\repos\visualwife\visualwife\Widget.cpp(1,1): warning C4828: 文件包含在偏移 0x353 处开始的字符，该字符在当前源字符集中无效(代码页 65001)。
C:\Users\MACHENIKE\source\repos\visualwife\visualwife\Widget.cpp(1,1): warning C4828: 文件包含在偏移 0x375 处开始的字符，该字符在当前源字符集中无效(代码页 65001)。
C:\Users\MACHENIKE\source\repos\visualwife\visualwife\Widget.cpp(1,1): warning C4828: 文件包含在偏移 0x377 处开始的字符，该字符在当前源字符集中无效(代码页 65001)。
C:\Users\MACHENIKE\source\repos\visualwife\visualwife\Widget.cpp(1,1): warning C4828: 文件包含在偏移 0x37b 处开始的字符，该字符在当前源字符集中无效(代码页 65001)。
C:\Users\MACHENIKE\source\repos\visualwife\visualwife\Widget.cpp(1,1): warning C4828: 文件包含在偏移 0x37c 处开始的字符，该字符在当前源字符集中无效(代码页 65001)。
C:\Users\MACHENIKE\source\repos\visualwife\visualwife\Widget.cpp(1,1): warning C4828: 文件包含在偏移 0x37d 处开始的字符，该字符在当前源字符集中无效(代码页 65001)。
C:\Users\MACHENIKE\source\repos\visualwife\visualwife\Widget.cpp(1,1): warning C4828: 文件包含在偏移 0x3ca 处开始的字符，该字符在当前源字符集中无效(代码页 65001)。
C:\Users\MACHENIKE\source\repos\visualwife\visualwife\Widget.cpp(1,1): warning C4828: 文件包含在偏移 0x3cb 处开始的字符，该字符在当前源字符集中无效(代码页 65001)。
C:\Users\MACHENIKE\source\repos\visualwife\visualwife\Widget.cpp(1,1): warning C4828: 文件包含在偏移 0x3ce 处开始的字符，该字符在当前源字符集中无效(代码页 65001)。
C:\Users\MACHENIKE\source\repos\visualwife\visualwife\Widget.cpp(1,1): warning C4828: 文件包含在偏移 0x3d0 处开始的字符，该字符在当前源字符集中无效(代码页 65001)。
C:\Users\MACHENIKE\source\repos\visualwife\visualwife\Widget.cpp(1,1): warning C4828: 文件包含在偏移 0x3d1 处开始的字符，该字符在当前源字符集中无效(代码页 65001)。
C:\Users\MACHENIKE\source\repos\visualwife\visualwife\Widget.cpp(1,1): warning C4828: 文件包含在偏移 0x3d2 处开始的字符，该字符在当前源字符集中无效(代码页 65001)。
C:\Users\MACHENIKE\source\repos\visualwife\visualwife\Widget.cpp(1,1): warning C4828: 文件包含在偏移 0x3d3 处开始的字符，该字符在当前源字符集中无效(代码页 65001)。
C:\Users\MACHENIKE\source\repos\visualwife\visualwife\Widget.cpp(1,1): warning C4828: 文件包含在偏移 0x3d4 处开始的字符，该字符在当前源字符集中无效(代码页 65001)。
C:\Users\MACHENIKE\source\repos\visualwife\visualwife\Widget.cpp(1,1): warning C4828: 文件包含在偏移 0x3d6 处开始的字符，该字符在当前源字符集中无效(代码页 65001)。
C:\Users\MACHENIKE\source\repos\visualwife\visualwife\Widget.cpp(1,1): warning C4828: 文件包含在偏移 0x3d8 处开始的字符，该字符在当前源字符集中无效(代码页 65001)。
C:\Users\MACHENIKE\source\repos\visualwife\visualwife\Widget.cpp(1,1): warning C4828: 文件包含在偏移 0x3d9 处开始的字符，该字符在当前源字符集中无效(代码页 65001)。
C:\Users\MACHENIKE\source\repos\visualwife\visualwife\Widget.cpp(1,1): warning C4828: 文件包含在偏移 0x3da 处开始的字符，该字符在当前源字符集中无效(代码页 65001)。
C:\Users\MACHENIKE\source\repos\visualwife\visualwife\Widget.cpp(1,1): warning C4828: 文件包含在偏移 0x3dc 处开始的字符，该字符在当前源字符集中无效(代码页 65001)。
C:\Users\MACHENIKE\source\repos\visualwife\visualwife\Widget.cpp(1,1): warning C4828: 文件包含在偏移 0x401 处开始的字符，该字符在当前源字符集中无效(代码页 65001)。
C:\Users\MACHENIKE\source\repos\visualwife\visualwife\Widget.cpp(1,1): warning C4828: 文件包含在偏移 0x403 处开始的字符，该字符在当前源字符集中无效(代码页 65001)。
C:\Users\MACHENIKE\source\repos\visualwife\visualwife\Widget.cpp(1,1): warning C4828: 文件包含在偏移 0x409 处开始的字符，该字符在当前源字符集中无效(代码页 65001)。
C:\Users\MACHENIKE\source\repos\visualwife\visualwife\Widget.cpp(1,1): warning C4828: 文件包含在偏移 0x40a 处开始的字符，该字符在当前源字符集中无效(代码页 65001)。
C:\Users\MACHENIKE\source\repos\visualwife\visualwife\Widget.cpp(1,1): warning C4828: 文件包含在偏移 0x432 处开始的字符，该字符在当前源字符集中无效(代码页 65001)。
C:\Users\MACHENIKE\source\repos\visualwife\visualwife\Widget.cpp(1,1): warning C4828: 文件包含在偏移 0x433 处开始的字符，该字符在当前源字符集中无效(代码页 65001)。
C:\Users\MACHENIKE\source\repos\visualwife\visualwife\Widget.cpp(1,1): warning C4828: 文件包含在偏移 0x434 处开始的字符，该字符在当前源字符集中无效(代码页 65001)。
C:\Users\MACHENIKE\source\repos\visualwife\visualwife\Widget.cpp(1,1): warning C4828: 文件包含在偏移 0x436 处开始的字符，该字符在当前源字符集中无效(代码页 65001)。
C:\Users\MACHENIKE\source\repos\visualwife\visualwife\Widget.cpp(1,1): warning C4828: 文件包含在偏移 0x438 处开始的字符，该字符在当前源字符集中无效(代码页 65001)。
C:\Users\MACHENIKE\source\repos\visualwife\visualwife\Widget.cpp(1,1): warning C4828: 文件包含在偏移 0x43a 处开始的字符，该字符在当前源字符集中无效(代码页 65001)。
C:\Users\MACHENIKE\source\repos\visualwife\visualwife\Widget.cpp(1,1): warning C4828: 文件包含在偏移 0x43b 处开始的字符，该字符在当前源字符集中无效(代码页 65001)。
C:\Users\MACHENIKE\source\repos\visualwife\visualwife\Widget.cpp(1,1): warning C4828: 文件包含在偏移 0x43c 处开始的字符，该字符在当前源字符集中无效(代码页 65001)。
C:\Users\MACHENIKE\source\repos\visualwife\visualwife\Widget.cpp(1,1): warning C4828: 文件包含在偏移 0x49b 处开始的字符，该字符在当前源字符集中无效(代码页 65001)。
C:\Users\MACHENIKE\source\repos\visualwife\visualwife\Widget.cpp(1,1): warning C4828: 文件包含在偏移 0x49c 处开始的字符，该字符在当前源字符集中无效(代码页 65001)。
C:\Users\MACHENIKE\source\repos\visualwife\visualwife\Widget.cpp(1,1): warning C4828: 文件包含在偏移 0x49d 处开始的字符，该字符在当前源字符集中无效(代码页 65001)。
C:\Users\MACHENIKE\source\repos\visualwife\visualwife\Widget.cpp(1,1): warning C4828: 文件包含在偏移 0x49f 处开始的字符，该字符在当前源字符集中无效(代码页 65001)。
C:\Users\MACHENIKE\source\repos\visualwife\visualwife\Widget.cpp(1,1): warning C4828: 文件包含在偏移 0x4a0 处开始的字符，该字符在当前源字符集中无效(代码页 65001)。
C:\Users\MACHENIKE\source\repos\visualwife\visualwife\Widget.cpp(1,1): warning C4828: 文件包含在偏移 0x4a1 处开始的字符，该字符在当前源字符集中无效(代码页 65001)。
C:\Users\MACHENIKE\source\repos\visualwife\visualwife\Widget.cpp(1,1): warning C4828: 文件包含在偏移 0x4a3 处开始的字符，该字符在当前源字符集中无效(代码页 65001)。
C:\Users\MACHENIKE\source\repos\visualwife\visualwife\Widget.cpp(1,1): warning C4828: 文件包含在偏移 0x4a4 处开始的字符，该字符在当前源字符集中无效(代码页 65001)。
C:\Users\MACHENIKE\source\repos\visualwife\visualwife\Widget.cpp(1,1): warning C4828: 文件包含在偏移 0x4a8 处开始的字符，该字符在当前源字符集中无效(代码页 65001)。
C:\Users\MACHENIKE\source\repos\visualwife\visualwife\Widget.cpp(1,1): warning C4828: 文件包含在偏移 0x4a9 处开始的字符，该字符在当前源字符集中无效(代码页 65001)。
C:\Users\MACHENIKE\source\repos\visualwife\visualwife\Widget.cpp(1,1): warning C4828: 文件包含在偏移 0x52b 处开始的字符，该字符在当前源字符集中无效(代码页 65001)。
C:\Users\MACHENIKE\source\repos\visualwife\visualwife\Widget.cpp(1,1): warning C4828: 文件包含在偏移 0x52c 处开始的字符，该字符在当前源字符集中无效(代码页 65001)。
C:\Users\MACHENIKE\source\repos\visualwife\visualwife\Widget.cpp(1,1): warning C4828: 文件包含在偏移 0x52e 处开始的字符，该字符在当前源字符集中无效(代码页 65001)。
C:\Users\MACHENIKE\source\repos\visualwife\visualwife\Widget.cpp(1,1): warning C4828: 文件包含在偏移 0x530 处开始的字符，该字符在当前源字符集中无效(代码页 65001)。
C:\Users\MACHENIKE\source\repos\visualwife\visualwife\Widget.cpp(1,1): warning C4828: 文件包含在偏移 0x535 处开始的字符，该字符在当前源字符集中无效(代码页 65001)。
C:\Users\MACHENIKE\source\repos\visualwife\visualwife\Widget.cpp(1,1): warning C4828: 文件包含在偏移 0x536 处开始的字符，该字符在当前源字符集中无效(代码页 65001)。
C:\Users\MACHENIKE\source\repos\visualwife\visualwife\Widget.cpp(1,1): warning C4828: 文件包含在偏移 0x561 处开始的字符，该字符在当前源字符集中无效(代码页 65001)。
C:\Users\MACHENIKE\source\repos\visualwife\visualwife\Widget.cpp(1,1): warning C4828: 文件包含在偏移 0x562 处开始的字符，该字符在当前源字符集中无效(代码页 65001)。
C:\Users\MACHENIKE\source\repos\visualwife\visualwife\Widget.cpp(1,1): warning C4828: 文件包含在偏移 0x564 处开始的字符，该字符在当前源字符集中无效(代码页 65001)。
C:\Users\MACHENIKE\source\repos\visualwife\visualwife\Widget.cpp(1,1): warning C4828: 文件包含在偏移 0x568 处开始的字符，该字符在当前源字符集中无效(代码页 65001)。
C:\Users\MACHENIKE\source\repos\visualwife\visualwife\Widget.cpp(1,1): warning C4828: 文件包含在偏移 0x64d 处开始的字符，该字符在当前源字符集中无效(代码页 65001)。
C:\Users\MACHENIKE\source\repos\visualwife\visualwife\Widget.cpp(1,1): warning C4828: 文件包含在偏移 0x65c 处开始的字符，该字符在当前源字符集中无效(代码页 65001)。
C:\Users\MACHENIKE\source\repos\visualwife\visualwife\Widget.cpp(1,1): warning C4828: 文件包含在偏移 0x65d 处开始的字符，该字符在当前源字符集中无效(代码页 65001)。
C:\Users\MACHENIKE\source\repos\visualwife\visualwife\Widget.cpp(1,1): warning C4828: 文件包含在偏移 0x667 处开始的字符，该字符在当前源字符集中无效(代码页 65001)。
C:\Users\MACHENIKE\source\repos\visualwife\visualwife\Widget.cpp(1,1): warning C4828: 文件包含在偏移 0x668 处开始的字符，该字符在当前源字符集中无效(代码页 65001)。
C:\Users\MACHENIKE\source\repos\visualwife\visualwife\Widget.cpp(1,1): warning C4828: 文件包含在偏移 0x71f 处开始的字符，该字符在当前源字符集中无效(代码页 65001)。
C:\Users\MACHENIKE\source\repos\visualwife\visualwife\Widget.cpp(1,1): warning C4828: 文件包含在偏移 0x723 处开始的字符，该字符在当前源字符集中无效(代码页 65001)。
C:\Users\MACHENIKE\source\repos\visualwife\visualwife\Widget.cpp(1,1): warning C4828: 文件包含在偏移 0x730 处开始的字符，该字符在当前源字符集中无效(代码页 65001)。
C:\Users\MACHENIKE\source\repos\visualwife\visualwife\Widget.cpp(1,1): warning C4828: 文件包含在偏移 0x731 处开始的字符，该字符在当前源字符集中无效(代码页 65001)。
C:\Users\MACHENIKE\source\repos\visualwife\visualwife\Widget.cpp(1,1): warning C4828: 文件包含在偏移 0x732 处开始的字符，该字符在当前源字符集中无效(代码页 65001)。
C:\Users\MACHENIKE\source\repos\visualwife\visualwife\Widget.cpp(1,1): warning C4828: 文件包含在偏移 0x736 处开始的字符，该字符在当前源字符集中无效(代码页 65001)。
C:\Users\MACHENIKE\source\repos\visualwife\visualwife\Widget.cpp(1,1): warning C4828: 文件包含在偏移 0x737 处开始的字符，该字符在当前源字符集中无效(代码页 65001)。
C:\Users\MACHENIKE\source\repos\visualwife\visualwife\Widget.cpp(1,1): warning C4828: 文件包含在偏移 0x7b5 处开始的字符，该字符在当前源字符集中无效(代码页 65001)。
C:\Users\MACHENIKE\source\repos\visualwife\visualwife\Widget.cpp(1,1): warning C4828: 文件包含在偏移 0x7b7 处开始的字符，该字符在当前源字符集中无效(代码页 65001)。
C:\Users\MACHENIKE\source\repos\visualwife\visualwife\Widget.cpp(1,1): warning C4828: 文件包含在偏移 0x7b9 处开始的字符，该字符在当前源字符集中无效(代码页 65001)。
C:\Users\MACHENIKE\source\repos\visualwife\visualwife\Widget.cpp(1,1): warning C4828: 文件包含在偏移 0x7ba 处开始的字符，该字符在当前源字符集中无效(代码页 65001)。
C:\Users\MACHENIKE\source\repos\visualwife\visualwife\Widget.cpp(1,1): warning C4828: 文件包含在偏移 0x848 处开始的字符，该字符在当前源字符集中无效(代码页 65001)。
C:\Users\MACHENIKE\source\repos\visualwife\visualwife\Widget.cpp(1,1): warning C4828: 文件包含在偏移 0x84a 处开始的字符，该字符在当前源字符集中无效(代码页 65001)。
C:\Users\MACHENIKE\source\repos\visualwife\visualwife\Widget.cpp(1,1): warning C4828: 文件包含在偏移 0x84c 处开始的字符，该字符在当前源字符集中无效(代码页 65001)。
C:\Users\MACHENIKE\source\repos\visualwife\visualwife\Widget.cpp(1,1): warning C4828: 文件包含在偏移 0x84d 处开始的字符，该字符在当前源字符集中无效(代码页 65001)。
C:\Users\MACHENIKE\source\repos\visualwife\visualwife\Widget.cpp(1,1): warning C4828: 文件包含在偏移 0x850 处开始的字符，该字符在当前源字符集中无效(代码页 65001)。
C:\Users\MACHENIKE\source\repos\visualwife\visualwife\Widget.cpp(1,1): warning C4828: 文件包含在偏移 0x851 处开始的字符，该字符在当前源字符集中无效(代码页 65001)。
C:\Users\MACHENIKE\source\repos\visualwife\visualwife\Widget.cpp(1,1): warning C4828: 文件包含在偏移 0x901 处开始的字符，该字符在当前源字符集中无效(代码页 65001)。
C:\Users\MACHENIKE\source\repos\visualwife\visualwife\Widget.cpp(1,1): warning C4828: 文件包含在偏移 0x902 处开始的字符，该字符在当前源字符集中无效(代码页 65001)。
C:\Users\MACHENIKE\source\repos\visualwife\visualwife\Widget.cpp(1,1): warning C4828: 文件包含在偏移 0x906 处开始的字符，该字符在当前源字符集中无效(代码页 65001)。
C:\Users\MACHENIKE\source\repos\visualwife\visualwife\Widget.cpp(1,1): warning C4828: 文件包含在偏移 0x909 处开始的字符，该字符在当前源字符集中无效(代码页 65001)。
C:\Users\MACHENIKE\source\repos\visualwife\visualwife\Widget.cpp(1,1): warning C4828: 文件包含在偏移 0x90a 处开始的字符，该字符在当前源字符集中无效(代码页 65001)。
C:\Users\MACHENIKE\source\repos\visualwife\visualwife\Widget.cpp(1,1): warning C4828: 文件包含在偏移 0x90c 处开始的字符，该字符在当前源字符集中无效(代码页 65001)。
C:\Users\MACHENIKE\source\repos\visualwife\visualwife\Widget.cpp(1,1): warning C4828: 文件包含在偏移 0xa2e 处开始的字符，该字符在当前源字符集中无效(代码页 65001)。
C:\Users\MACHENIKE\source\repos\visualwife\visualwife\Widget.cpp(1,1): warning C4828: 文件包含在偏移 0xa2f 处开始的字符，该字符在当前源字符集中无效(代码页 65001)。
C:\Users\MACHENIKE\source\repos\visualwife\visualwife\Widget.cpp(1,1): warning C4828: 文件包含在偏移 0xa30 处开始的字符，该字符在当前源字符集中无效(代码页 65001)。
C:\Users\MACHENIKE\source\repos\visualwife\visualwife\Widget.cpp(1,1): warning C4828: 文件包含在偏移 0xa31 处开始的字符，该字符在当前源字符集中无效(代码页 65001)。
C:\Users\MACHENIKE\source\repos\visualwife\visualwife\Widget.cpp(1,1): warning C4828: 文件包含在偏移 0xa34 处开始的字符，该字符在当前源字符集中无效(代码页 65001)。
C:\Users\MACHENIKE\source\repos\visualwife\visualwife\Widget.cpp(1,1): warning C4828: 文件包含在偏移 0xa35 处开始的字符，该字符在当前源字符集中无效(代码页 65001)。
C:\Users\MACHENIKE\source\repos\visualwife\visualwife\Widget.cpp(1,1): warning C4828: 文件包含在偏移 0xa36 处开始的字符，该字符在当前源字符集中无效(代码页 65001)。
C:\Users\MACHENIKE\source\repos\visualwife\visualwife\Widget.cpp(1,1): warning C4828: 文件包含在偏移 0xa37 处开始的字符，该字符在当前源字符集中无效(代码页 65001)。
C:\Users\MACHENIKE\source\repos\visualwife\visualwife\Widget.cpp(1,1): warning C4828: 文件包含在偏移 0xa38 处开始的字符，该字符在当前源字符集中无效(代码页 65001)。
C:\Users\MACHENIKE\source\repos\visualwife\visualwife\Widget.cpp(1,1): warning C4828: 文件包含在偏移 0xa3a 处开始的字符，该字符在当前源字符集中无效(代码页 65001)。
C:\Users\MACHENIKE\source\repos\visualwife\visualwife\Widget.cpp(1,1): warning C4828: 文件包含在偏移 0xa3e 处开始的字符，该字符在当前源字符集中无效(代码页 65001)。
C:\Users\MACHENIKE\source\repos\visualwife\visualwife\Widget.cpp(1,1): warning C4828: 文件包含在偏移 0xa3f 处开始的字符，该字符在当前源字符集中无效(代码页 65001)。
C:\Users\MACHENIKE\source\repos\visualwife\visualwife\Widget.cpp(1,1): warning C4828: 文件包含在偏移 0xa41 处开始的字符，该字符在当前源字符集中无效(代码页 65001)。
C:\Users\MACHENIKE\source\repos\visualwife\visualwife\Widget.cpp(1,1): warning C4828: 文件包含在偏移 0xa42 处开始的字符，该字符在当前源字符集中无效(代码页 65001)。
C:\Users\MACHENIKE\source\repos\visualwife\visualwife\Widget.cpp(1,1): warning C4828: 文件包含在偏移 0xa43 处开始的字符，该字符在当前源字符集中无效(代码页 65001)。
C:\Users\MACHENIKE\source\repos\visualwife\visualwife\Widget.cpp(1,1): warning C4828: 文件包含在偏移 0xa44 处开始的字符，该字符在当前源字符集中无效(代码页 65001)。
C:\Users\MACHENIKE\source\repos\visualwife\visualwife\Widget.cpp(1,1): warning C4828: 文件包含在偏移 0xa47 处开始的字符，该字符在当前源字符集中无效(代码页 65001)。
C:\Users\MACHENIKE\source\repos\visualwife\visualwife\Widget.cpp(1,1): warning C4828: 文件包含在偏移 0xa4b 处开始的字符，该字符在当前源字符集中无效(代码页 65001)。
C:\Users\MACHENIKE\source\repos\visualwife\visualwife\Widget.cpp(1,1): warning C4828: 文件包含在偏移 0xa4d 处开始的字符，该字符在当前源字符集中无效(代码页 65001)。
C:\Users\MACHENIKE\source\repos\visualwife\visualwife\Widget.cpp(1,1): warning C4828: 文件包含在偏移 0xa50 处开始的字符，该字符在当前源字符集中无效(代码页 65001)。
C:\Users\MACHENIKE\source\repos\visualwife\visualwife\Widget.cpp(1,1): warning C4828: 文件包含在偏移 0xa53 处开始的字符，该字符在当前源字符集中无效(代码页 65001)。
C:\Users\MACHENIKE\source\repos\visualwife\visualwife\Widget.cpp(1,1): warning C4828: 文件包含在偏移 0xa57 处开始的字符，该字符在当前源字符集中无效(代码页 65001)。
C:\Users\MACHENIKE\source\repos\visualwife\visualwife\Widget.cpp(1,1): warning C4828: 文件包含在偏移 0xa58 处开始的字符，该字符在当前源字符集中无效(代码页 65001)。
C:\Users\MACHENIKE\source\repos\visualwife\visualwife\Widget.cpp(1,1): warning C4828: 文件包含在偏移 0xa5a 处开始的字符，该字符在当前源字符集中无效(代码页 65001)。
C:\Users\MACHENIKE\source\repos\visualwife\visualwife\Widget.cpp(1,1): warning C4828: 文件包含在偏移 0xa5e 处开始的字符，该字符在当前源字符集中无效(代码页 65001)。
C:\Users\MACHENIKE\source\repos\visualwife\visualwife\Widget.cpp(1,1): warning C4828: 文件包含在偏移 0xa62 处开始的字符，该字符在当前源字符集中无效(代码页 65001)。
C:\Users\MACHENIKE\source\repos\visualwife\visualwife\Widget.cpp(1,1): warning C4828: 文件包含在偏移 0xa66 处开始的字符，该字符在当前源字符集中无效(代码页 65001)。
C:\Users\MACHENIKE\source\repos\visualwife\visualwife\Widget.cpp(1,1): warning C4828: 文件包含在偏移 0xa67 处开始的字符，该字符在当前源字符集中无效(代码页 65001)。
C:\Users\MACHENIKE\source\repos\visualwife\visualwife\Widget.cpp(1,1): warning C4828: 文件包含在偏移 0xa72 处开始的字符，该字符在当前源字符集中无效(代码页 65001)。
C:\Users\MACHENIKE\source\repos\visualwife\visualwife\Widget.cpp(1,1): warning C4828: 文件包含在偏移 0xa75 处开始的字符，该字符在当前源字符集中无效(代码页 65001)。
C:\Users\MACHENIKE\source\repos\visualwife\visualwife\Widget.cpp(1,1): warning C4828: 文件包含在偏移 0xa76 处开始的字符，该字符在当前源字符集中无效(代码页 65001)。
C:\Users\MACHENIKE\source\repos\visualwife\visualwife\Widget.cpp(1,1): warning C4828: 文件包含在偏移 0xa77 处开始的字符，该字符在当前源字符集中无效(代码页 65001)。
  moc_Widget.cpp
  visualwife.vcxproj -> C:\Users\MACHENIKE\source\repos\visualwife\x64\Debug\visualwife.exe
